<?xml version="1.0" encoding="UTF-8"?>
<!-- Generated by org.testng.reporters.JUnitReportReporter -->
<testsuite hostname="DESKTOP-NA7RA9U" failures="0" tests="2" name="Test.Runner" time="7.016" errors="0" timestamp="2021-09-08T10:47:20 IST" skipped="0">
  <testcase classname="Test.Runner" name="test1" time="6.226"/>
  <system-out/>
  <testcase classname="Test.Runner" name="test2" time="0.790"/>
  <system-out/>
</testsuite> <!-- Test.Runner -->
