<?xml version="1.0" encoding="UTF-8"?>
<!-- Generated by org.testng.reporters.JUnitReportReporter -->
<testsuite hostname="DESKTOP-NA7RA9U" failures="0" tests="1" name="utilities.DisplayArrayList" time="0.018" errors="0" timestamp="2021-08-23T13:51:31 IST" skipped="0">
  <testcase classname="utilities.DisplayArrayList" name="re" time="0.018"/>
  <system-out/>
</testsuite> <!-- utilities.DisplayArrayList -->
