<?xml version="1.0" encoding="UTF-8"?>
<!-- Generated by org.testng.reporters.JUnitReportReporter -->
<testsuite hostname="DESKTOP-NA7RA9U" failures="0" tests="1" name="api_testing.Fakedata" time="0.499" errors="0" timestamp="2021-09-14T12:37:51 IST" skipped="0">
  <testcase classname="api_testing.Fakedata" name="fakeDATA" time="0.499"/>
  <system-out/>
</testsuite> <!-- api_testing.Fakedata -->
