<?xml version="1.0" encoding="UTF-8"?>
<!-- Generated by org.testng.reporters.JUnitReportReporter -->
<testsuite hostname="DESKTOP-NA7RA9U" failures="0" tests="1" name="api_testing.Getrequest" time="4.580" errors="0" timestamp="2021-09-02T23:06:50 IST" skipped="0">
  <testcase classname="api_testing.Getrequest" name="verifyGet" time="4.580"/>
  <system-out/>
</testsuite> <!-- api_testing.Getrequest -->
