<?xml version="1.0" encoding="UTF-8"?>
<!-- Generated by org.testng.reporters.JUnitReportReporter -->
<testsuite hostname="DESKTOP-NA7RA9U" failures="0" tests="1" name="utilities.Datadriven" time="0.715" errors="0" timestamp="2021-08-21T10:13:05 IST" skipped="0">
  <testcase classname="utilities.Datadriven" name="loops" time="0.715"/>
  <system-out/>
</testsuite> <!-- utilities.Datadriven -->
