<?xml version="1.0" encoding="UTF-8"?>
<!-- Generated by org.testng.reporters.JUnitReportReporter -->
<testsuite hostname="DESKTOP-NA7RA9U" failures="0" tests="1" name="utilities.Employee" time="0.014" errors="0" timestamp="2021-08-23T13:20:01 IST" skipped="0">
  <testcase classname="utilities.Employee" name="fool" time="0.014"/>
  <system-out/>
</testsuite> <!-- utilities.Employee -->
