<?xml version="1.0" encoding="UTF-8"?>
<!-- Generated by org.testng.reporters.JUnitReportReporter -->
<testsuite hostname="DESKTOP-NA7RA9U" failures="0" tests="1" name="utilities.Testexcel" time="0.754" errors="0" timestamp="2021-08-25T13:13:54 IST" skipped="0">
  <testcase classname="utilities.Testexcel" name="cellValue" time="0.754"/>
  <system-out/>
</testsuite> <!-- utilities.Testexcel -->
