<?xml version="1.0" encoding="UTF-8"?>
<!-- Generated by org.testng.reporters.JUnitReportReporter -->
<testsuite hostname="DESKTOP-NA7RA9U" failures="0" tests="1" name="utilities.ExcelData" time="0.896" errors="0" timestamp="2021-08-22T21:48:00 IST" skipped="0">
  <testcase classname="utilities.ExcelData" name="getCelldata1" time="0.896"/>
  <system-out/>
</testsuite> <!-- utilities.ExcelData -->
