<?xml version="1.0" encoding="UTF-8"?>
<!-- Generated by org.testng.reporters.JUnitReportReporter -->
<testsuite hostname="DESKTOP-NA7RA9U" failures="0" tests="1" name="api_testing.Logging" time="2.271" errors="0" timestamp="2021-09-14T15:27:11 IST" skipped="0">
  <testcase classname="api_testing.Logging" name="logs" time="2.271"/>
  <system-out/>
</testsuite> <!-- api_testing.Logging -->
