<?xml version="1.0" encoding="UTF-8"?>
<!-- Generated by org.testng.reporters.JUnitReportReporter -->
<testsuite hostname="DESKTOP-NA7RA9U" failures="0" tests="1" name="api_testing.Extractdata_jsonpath" time="2.795" errors="0" timestamp="2021-09-14T17:50:58 IST" skipped="0">
  <testcase classname="api_testing.Extractdata_jsonpath" name="jsonpath" time="2.795"/>
  <system-out/>
</testsuite> <!-- api_testing.Extractdata_jsonpath -->
