<?xml version="1.0" encoding="UTF-8"?>
<!-- Generated by org.testng.reporters.JUnitReportReporter -->
<testsuite hostname="DESKTOP-NA7RA9U" failures="0" tests="1" name="api_testing.ApitestingExample" time="4.483" errors="0" timestamp="2021-09-25T17:46:29 IST" skipped="0">
  <testcase classname="api_testing.ApitestingExample" name="passin_Path_parameters" time="4.483"/>
  <system-out/>
</testsuite> <!-- api_testing.ApitestingExample -->
