<?xml version="1.0" encoding="UTF-8"?>
<!-- Generated by org.testng.reporters.JUnitReportReporter -->
<testsuite hostname="DESKTOP-NA7RA9U" failures="0" tests="1" name="api_testing.FackerLibrary" time="0.410" errors="0" timestamp="2021-09-14T12:17:16 IST" skipped="0">
  <testcase classname="api_testing.FackerLibrary" name="fake_library" time="0.410"/>
  <system-out/>
</testsuite> <!-- api_testing.FackerLibrary -->
