<?xml version="1.0" encoding="UTF-8"?>
<!-- Generated by org.testng.reporters.JUnitReportReporter -->
<testsuite hostname="DESKTOP-NA7RA9U" failures="0" tests="1" name="api_testing.PostExample" time="3.114" errors="0" timestamp="2021-09-02T20:55:13 IST" skipped="0">
  <testcase classname="api_testing.PostExample" name="postTest" time="3.114"/>
  <system-out/>
</testsuite> <!-- api_testing.PostExample -->
